[22/09/2023 06:04:52 p. m.] Error: MySql.Data.MySqlClient.MySqlException (0x80004005): Unable to connect to any of the specified MySQL hosts.
 ---> System.ArgumentException: The host name or IP address is invalid.
   at MySql.Data.Common.StreamCreator.GetTcpStreamAsync(MySqlConnectionStringBuilder settings, CancellationToken cancellationToken, Boolean execAsync)
   at MySql.Data.Common.StreamCreator.GetStreamAsync(MySqlConnectionStringBuilder settings, CancellationToken cancellationToken, Boolean execAsync)
   at MySql.Data.MySqlClient.NativeDriver.OpenAsync(Boolean execAsync, CancellationToken cancellationToken)
   at MySql.Data.MySqlClient.NativeDriver.OpenAsync(Boolean execAsync, CancellationToken cancellationToken)
   at MySql.Data.MySqlClient.Driver.OpenAsync(Boolean execAsync, CancellationToken cancellationToken)
   at MySql.Data.MySqlClient.Driver.CreateAsync(MySqlConnectionStringBuilder settings, Boolean execAsync, CancellationToken cancellationToken)
   at MySql.Data.MySqlClient.Driver.CreateAsync(MySqlConnectionStringBuilder settings, Boolean execAsync, CancellationToken cancellationToken)
   at MySql.Data.MySqlClient.MySqlPool.CreateNewPooledConnectionAsync(Boolean execAsync, CancellationToken cancellationToken)
   at MySql.Data.MySqlClient.MySqlPool.GetPooledConnectionAsync(Boolean execAsync, CancellationToken cancellationToken)
   at MySql.Data.MySqlClient.MySqlPool.TryToGetDriverAsync(Boolean execAsync, CancellationToken cancellationToken)
   at MySql.Data.MySqlClient.MySqlPool.GetConnectionAsync(Boolean execAsync, CancellationToken cancellationToken)
   at MySql.Data.MySqlClient.MySqlConnection.OpenAsync(Boolean execAsync, CancellationToken cancellationToken)
   at MySql.Data.MySqlClient.MySqlConnection.Open()
   at FutureLending.LecturaBaseDatos.Conector() in C:\Users\donnet\Cosas\Documentos\Trabajo\FutureLending2\Funciones.cs\Lectura_Base_Datos.cs:line 51
[22/09/2023 06:04:52 p. m.] Error: System.InvalidOperationException: Connection must be valid and open.
   at MySql.Data.MySqlClient.MySqlCommand.CheckState()
   at MySql.Data.MySqlClient.MySqlCommand.ExecuteReaderAsync(CommandBehavior behavior, Boolean execAsync, CancellationToken cancellationToken)
   at MySql.Data.MySqlClient.MySqlCommand.ExecuteScalarAsync(Boolean execAsync, CancellationToken cancellationToken)
   at MySql.Data.MySqlClient.MySqlCommand.ExecuteScalar()
   at FutureLending.Funciones.cs.Accesos.Accesar(String user, String password) in C:\Users\donnet\Cosas\Documentos\Trabajo\FutureLending2\Funciones.cs\Accesos.cs:line 22
