[27/05/2023 10:26:42 p. m.] Acceso este usuario: admin
[27/05/2023 10:33:07 p. m.] Acceso este usuario: admin
[27/05/2023 10:33:32 p. m.] Acceso este usuario: root
[27/05/2023 10:34:23 p. m.] Acceso este usuario: admin
[27/05/2023 10:36:35 p. m.] Acceso este usuario: root
[27/05/2023 10:38:38 p. m.] Acceso este usuario: root
[27/05/2023 10:39:21 p. m.] Acceso este usuario: root
[27/05/2023 10:42:26 p. m.] Acceso este usuario: root
[27/05/2023 10:44:58 p. m.] Acceso este usuario: admin
[27/05/2023 10:50:24 p. m.] Acceso este usuario: admin
[27/05/2023 10:57:01 p. m.] Acceso este usuario: root
[27/05/2023 10:58:46 p. m.] Acceso este usuario: root
[27/05/2023 11:02:09 p. m.] Acceso este usuario: admin
[27/05/2023 11:04:12 p. m.] Acceso este usuario: root
[27/05/2023 11:06:44 p. m.] Acceso este usuario: admin
[27/05/2023 11:08:04 p. m.] Acceso este usuario: root
[27/05/2023 11:14:27 p. m.] Acceso este usuario: root
[28/05/2023 12:09:17 a. m.] Acceso este usuario: root
[28/05/2023 12:10:18 a. m.] Acceso este usuario: root
[28/05/2023 12:11:09 a. m.] Acceso este usuario: root
[28/05/2023 12:54:47 a. m.] Acceso este usuario: admin
[28/05/2023 12:55:26 a. m.] Acceso este usuario: admin
[28/05/2023 01:00:40 a. m.] Acceso este usuario: root
[28/05/2023 01:04:12 a. m.] Acceso este usuario: admin
[28/05/2023 01:05:29 a. m.] Acceso este usuario: admin
[28/05/2023 01:09:27 a. m.] Acceso este usuario: admin
[28/05/2023 01:12:51 a. m.] Acceso este usuario: admin
[28/05/2023 01:14:04 a. m.] Acceso este usuario: admin
[28/05/2023 01:16:20 a. m.] Acceso este usuario: root
[28/05/2023 01:18:45 a. m.] Acceso este usuario: root
[28/05/2023 01:19:55 a. m.] Acceso este usuario: root
[28/05/2023 01:21:29 a. m.] Acceso este usuario: admin
[28/05/2023 01:22:43 a. m.] Acceso este usuario: admin
[28/05/2023 01:23:30 a. m.] Acceso este usuario: root
[28/05/2023 01:25:55 a. m.] Acceso este usuario: root
[28/05/2023 01:26:53 a. m.] Acceso este usuario: root
[28/05/2023 01:34:39 a. m.] Acceso este usuario: root
[28/05/2023 01:39:19 a. m.] Acceso este usuario: admin
[28/05/2023 01:40:59 a. m.] Acceso este usuario: admin
[28/05/2023 01:42:06 a. m.] Acceso este usuario: root
[28/05/2023 01:44:26 a. m.] Acceso este usuario: admin
[28/05/2023 01:49:43 a. m.] Acceso este usuario: admin
[28/05/2023 01:51:37 a. m.] Acceso este usuario: root
[28/05/2023 02:00:50 a. m.] Acceso este usuario: admin
[28/05/2023 02:15:11 a. m.] Acceso este usuario: admin
[28/05/2023 02:51:43 a. m.] Acceso este usuario: admin
[28/05/2023 02:55:40 a. m.] Acceso este usuario: admin
[28/05/2023 02:56:28 a. m.] Acceso este usuario: admin
[28/05/2023 02:57:23 a. m.] Acceso este usuario: admin
[28/05/2023 02:59:05 a. m.] Acceso este usuario: admin
[28/05/2023 03:05:55 a. m.] Acceso este usuario: admin
[28/05/2023 03:07:40 a. m.] Acceso este usuario: admin
[28/05/2023 03:08:39 a. m.] Acceso este usuario: admin
[28/05/2023 03:09:41 a. m.] Acceso este usuario: root
[28/05/2023 03:12:48 a. m.] Acceso este usuario: admin
[28/05/2023 03:15:39 a. m.] Acceso este usuario: admin
[28/05/2023 03:23:37 a. m.] Acceso este usuario: admin
[28/05/2023 03:26:05 a. m.] Acceso este usuario: admin
[28/05/2023 04:26:05 a. m.] Acceso este usuario: admin
[28/05/2023 04:28:59 a. m.] Acceso este usuario: root
[28/05/2023 04:31:24 a. m.] Acceso este usuario: admin
[28/05/2023 04:32:13 a. m.] Acceso este usuario: root
[28/05/2023 04:32:51 a. m.] Acceso este usuario: root
[28/05/2023 04:34:42 a. m.] Acceso este usuario: root
[28/05/2023 04:35:41 a. m.] Acceso este usuario: root
[28/05/2023 04:36:23 a. m.] Acceso este usuario: admin
[28/05/2023 04:37:57 a. m.] Acceso este usuario: root
[28/05/2023 04:40:09 a. m.] Acceso este usuario: admin
[28/05/2023 04:46:57 a. m.] Acceso este usuario: root
[28/05/2023 04:47:52 a. m.] Acceso este usuario: root
[28/05/2023 04:50:08 a. m.] Acceso este usuario: root
[28/05/2023 12:38:34 p. m.] Acceso este usuario: root
[29/05/2023 01:05:54 p. m.] Acceso este usuario: root
[29/05/2023 01:07:21 p. m.] Acceso este usuario: root
[29/05/2023 01:07:53 p. m.] Acceso este usuario: root
[29/05/2023 01:15:07 p. m.] Acceso este usuario: root
[29/05/2023 01:16:01 p. m.] Acceso este usuario: root
[29/05/2023 01:18:01 p. m.] Acceso este usuario: root
[29/05/2023 01:19:46 p. m.] Acceso este usuario: root
[29/05/2023 01:21:21 p. m.] Acceso este usuario: root
[29/05/2023 01:22:24 p. m.] Acceso este usuario: root
[29/05/2023 01:25:01 p. m.] Acceso este usuario: admin
[29/05/2023 01:25:49 p. m.] Acceso este usuario: root
[29/05/2023 01:26:24 p. m.] Acceso este usuario: root
[29/05/2023 01:29:02 p. m.] Acceso este usuario: root
[29/05/2023 01:32:38 p. m.] Acceso este usuario: root
[29/05/2023 01:33:21 p. m.] Acceso este usuario: root
[29/05/2023 01:34:36 p. m.] Acceso este usuario: root
[29/05/2023 01:35:07 p. m.] Acceso este usuario: root
[29/05/2023 01:37:20 p. m.] Acceso este usuario: root
[29/05/2023 01:45:16 p. m.] Acceso este usuario: admin
[29/05/2023 02:33:07 p. m.] Acceso este usuario: root
[29/05/2023 02:48:50 p. m.] Acceso este usuario: admin
[29/05/2023 02:49:40 p. m.] Acceso este usuario: admin
[29/05/2023 02:51:44 p. m.] Acceso este usuario: root
[29/05/2023 02:53:24 p. m.] Acceso este usuario: root
[29/05/2023 02:57:23 p. m.] Acceso este usuario: root
[29/05/2023 03:01:15 p. m.] Acceso este usuario: root
[29/05/2023 03:02:34 p. m.] Acceso este usuario: root
[29/05/2023 03:04:05 p. m.] Acceso este usuario: donnet
[29/05/2023 03:05:15 p. m.] Acceso este usuario: root
[29/05/2023 03:06:27 p. m.] Acceso este usuario: admin
[29/05/2023 03:07:01 p. m.] Acceso este usuario: root
[29/05/2023 03:22:20 p. m.] Acceso este usuario: admin
[29/05/2023 03:22:47 p. m.] Acceso este usuario: admin
[29/05/2023 03:26:04 p. m.] Acceso este usuario: admin
[29/05/2023 03:26:41 p. m.] Acceso este usuario: admin
[29/05/2023 03:27:16 p. m.] Acceso este usuario: admin
[29/05/2023 03:28:17 p. m.] Acceso este usuario: admin
[29/05/2023 03:28:50 p. m.] Acceso este usuario: admin
[29/05/2023 03:29:18 p. m.] Acceso este usuario: admin
[29/05/2023 03:30:13 p. m.] Acceso este usuario: admin
[29/05/2023 03:34:52 p. m.] Acceso este usuario: admin
[29/05/2023 03:35:32 p. m.] Acceso este usuario: root
[29/05/2023 03:35:41 p. m.] Acceso este usuario: admin
[29/05/2023 03:36:18 p. m.] Acceso este usuario: admin
[29/05/2023 03:39:20 p. m.] Acceso este usuario: admin
[29/05/2023 04:59:54 p. m.] Acceso este usuario: admin
[29/05/2023 05:01:45 p. m.] Acceso este usuario: admin
[29/05/2023 05:03:50 p. m.] Acceso este usuario: root
[29/05/2023 05:04:34 p. m.] Acceso este usuario: root
[29/05/2023 05:09:27 p. m.] Acceso este usuario: admin
[29/05/2023 07:46:47 p. m.] Acceso este usuario: admin
[30/05/2023 05:45:13 a. m.] Acceso este usuario: root
[30/05/2023 05:46:04 a. m.] Acceso este usuario: admin
[30/05/2023 05:52:10 a. m.] Acceso este usuario: admin
[30/05/2023 05:57:11 a. m.] Acceso este usuario: admin
[30/05/2023 05:57:56 a. m.] Acceso este usuario: admin
[30/05/2023 05:58:32 a. m.] Acceso este usuario: admin
[30/05/2023 05:58:58 a. m.] Acceso este usuario: admin
[30/05/2023 05:59:55 a. m.] Acceso este usuario: admin
[30/05/2023 06:00:24 a. m.] Acceso este usuario: root
[30/05/2023 06:02:44 a. m.] Acceso este usuario: admin
[30/05/2023 06:03:55 a. m.] Acceso este usuario: admin
[30/05/2023 06:16:28 a. m.] Acceso este usuario: admin
[30/05/2023 06:17:44 a. m.] Acceso este usuario: admin
[30/05/2023 06:17:57 a. m.] Acceso este usuario: admin
[30/05/2023 04:30:43 p. m.] Acceso este usuario: root
[30/05/2023 04:35:16 p. m.] Acceso este usuario: admin
[30/05/2023 04:36:06 p. m.] Acceso este usuario: admin1
[30/05/2023 04:36:40 p. m.] Acceso este usuario: root
[30/05/2023 04:37:19 p. m.] Acceso este usuario: root
[30/05/2023 07:56:32 p. m.] Acceso este usuario: root
[31/05/2023 07:00:35 a. m.] Acceso este usuario: admin
[31/05/2023 07:05:18 a. m.] Acceso este usuario: admin
[31/05/2023 07:05:50 a. m.] Acceso este usuario: admin
[31/05/2023 08:07:22 a. m.] Acceso este usuario: admin
[31/05/2023 09:09:59 a. m.] Acceso este usuario: admin
[31/05/2023 10:15:05 a. m.] Acceso este usuario: root
[31/05/2023 10:19:30 a. m.] Acceso este usuario: root
[31/05/2023 10:21:23 a. m.] Acceso este usuario: root
[31/05/2023 10:25:37 a. m.] Acceso este usuario: root
[31/05/2023 10:29:52 a. m.] Acceso este usuario: root
[31/05/2023 11:18:21 a. m.] Acceso este usuario: root
[31/05/2023 11:41:37 a. m.] Acceso este usuario: root
[31/05/2023 04:59:45 p. m.] Acceso este usuario: root
[31/05/2023 08:41:49 p. m.] Acceso este usuario: root
[31/05/2023 08:42:26 p. m.] Acceso este usuario: root
[31/05/2023 08:45:44 p. m.] Acceso este usuario: root
[31/05/2023 08:46:44 p. m.] Acceso este usuario: root
[31/05/2023 08:58:27 p. m.] Acceso este usuario: root
[31/05/2023 09:00:32 p. m.] Acceso este usuario: root
[31/05/2023 09:04:39 p. m.] Acceso este usuario: root
[31/05/2023 09:05:52 p. m.] Acceso este usuario: root
[31/05/2023 09:08:36 p. m.] Acceso este usuario: root
[31/05/2023 09:09:30 p. m.] Acceso este usuario: root
[31/05/2023 09:10:32 p. m.] Acceso este usuario: root
[31/05/2023 09:13:53 p. m.] Acceso este usuario: root
[31/05/2023 09:15:20 p. m.] Acceso este usuario: root
[31/05/2023 09:16:07 p. m.] Acceso este usuario: root
[31/05/2023 09:18:25 p. m.] Acceso este usuario: root
[31/05/2023 09:19:58 p. m.] Acceso este usuario: root
[31/05/2023 09:25:24 p. m.] Acceso este usuario: root
[31/05/2023 09:27:33 p. m.] Acceso este usuario: root
[31/05/2023 09:51:25 p. m.] Acceso este usuario: root
[31/05/2023 09:54:43 p. m.] Acceso este usuario: root
[31/05/2023 09:55:33 p. m.] Acceso este usuario: root
[31/05/2023 10:12:31 p. m.] Acceso este usuario: root
[01/06/2023 11:37:05 p. m.] Acceso este usuario: root
[01/06/2023 11:50:48 p. m.] Acceso este usuario: root
[01/06/2023 11:51:31 p. m.] Acceso este usuario: root
[01/06/2023 11:57:42 p. m.] Acceso este usuario: root
[01/06/2023 11:58:10 p. m.] Acceso este usuario: root
[02/06/2023 12:16:45 a. m.] Acceso este usuario: root
[02/06/2023 12:18:58 a. m.] Acceso este usuario: root
[02/06/2023 12:29:57 a. m.] Acceso este usuario: root
[02/06/2023 07:42:36 p. m.] Acceso este usuario: root
[02/06/2023 07:46:24 p. m.] Acceso este usuario: root
[02/06/2023 07:46:50 p. m.] Acceso este usuario: root
[02/06/2023 08:09:53 p. m.] Acceso este usuario: root
[02/06/2023 08:12:08 p. m.] Acceso este usuario: root
[02/06/2023 08:15:22 p. m.] Acceso este usuario: root
[02/06/2023 08:16:56 p. m.] Acceso este usuario: root
[02/06/2023 08:22:40 p. m.] Acceso este usuario: admin
[02/06/2023 08:26:33 p. m.] Acceso este usuario: admin
[02/06/2023 08:27:55 p. m.] Acceso este usuario: root
[02/06/2023 08:28:47 p. m.] Acceso este usuario: root
[02/06/2023 08:30:14 p. m.] Acceso este usuario: root
[02/06/2023 08:30:50 p. m.] Acceso este usuario: root
[02/06/2023 08:32:04 p. m.] Acceso este usuario: root
[02/06/2023 08:35:21 p. m.] Acceso este usuario: root
[02/06/2023 08:35:51 p. m.] Acceso este usuario: root
[02/06/2023 08:37:13 p. m.] Acceso este usuario: root
[02/06/2023 08:38:32 p. m.] Acceso este usuario: root
[02/06/2023 08:40:09 p. m.] Acceso este usuario: admin
[02/06/2023 08:40:44 p. m.] Acceso este usuario: root
[02/06/2023 08:41:55 p. m.] Acceso este usuario: root
[02/06/2023 08:42:38 p. m.] Acceso este usuario: root
[03/06/2023 01:20:49 a. m.] Acceso este usuario: admin
[03/06/2023 01:22:22 a. m.] Acceso este usuario: root
[03/06/2023 01:25:15 a. m.] Acceso este usuario: root
[03/06/2023 01:47:55 a. m.] Acceso este usuario: admin
[03/06/2023 01:50:53 a. m.] Acceso este usuario: root
[03/06/2023 01:52:07 a. m.] Acceso este usuario: admin
[03/06/2023 01:53:45 a. m.] Acceso este usuario: admin
[03/06/2023 01:54:41 a. m.] Acceso este usuario: root
[03/06/2023 01:56:04 a. m.] Acceso este usuario: admin
[03/06/2023 01:57:12 a. m.] Acceso este usuario: root
[03/06/2023 01:58:08 a. m.] Acceso este usuario: root
[03/06/2023 01:59:23 a. m.] Acceso este usuario: admin
[03/06/2023 02:03:08 a. m.] Acceso este usuario: admin
[03/06/2023 02:04:39 a. m.] Acceso este usuario: admin
[03/06/2023 02:05:30 a. m.] Acceso este usuario: admin
[03/06/2023 02:06:17 a. m.] Acceso este usuario: root
[03/06/2023 02:07:19 a. m.] Acceso este usuario: root
[03/06/2023 02:08:13 a. m.] Acceso este usuario: root
[03/06/2023 02:15:14 a. m.] Acceso este usuario: root
[03/06/2023 02:15:42 a. m.] Acceso este usuario: root
[03/06/2023 02:18:56 a. m.] Acceso este usuario: admin
[03/06/2023 02:20:26 a. m.] Acceso este usuario: admin
[03/06/2023 02:21:31 a. m.] Acceso este usuario: admin
[03/06/2023 02:23:05 a. m.] Acceso este usuario: admin
[03/06/2023 02:23:37 a. m.] Acceso este usuario: root
[03/06/2023 02:24:22 a. m.] Acceso este usuario: root
[03/06/2023 10:46:02 a. m.] Acceso este usuario: root
[03/06/2023 10:54:10 a. m.] Acceso este usuario: admin
[03/06/2023 10:57:12 a. m.] Acceso este usuario: admin
[03/06/2023 10:59:40 a. m.] Acceso este usuario: admin
[03/06/2023 11:01:43 a. m.] Acceso este usuario: root
[03/06/2023 02:22:48 p. m.] Acceso este usuario: root
[03/06/2023 04:38:04 p. m.] Acceso este usuario: root
[03/06/2023 04:46:41 p. m.] Acceso este usuario: root
[03/06/2023 04:48:32 p. m.] Acceso este usuario: root
[03/06/2023 04:53:30 p. m.] Acceso este usuario: root
[03/06/2023 04:57:48 p. m.] Acceso este usuario: root
[03/06/2023 09:34:40 p. m.] Acceso este usuario: root
[06/06/2023 07:12:38 p. m.] Acceso este usuario: root
[06/06/2023 07:17:27 p. m.] Acceso este usuario: root
[06/06/2023 07:23:31 p. m.] Acceso este usuario: root
[06/06/2023 07:28:27 p. m.] Acceso este usuario: root
[06/06/2023 07:31:06 p. m.] Acceso este usuario: root
[06/06/2023 08:36:28 p. m.] Acceso este usuario: root
[06/06/2023 08:37:23 p. m.] Acceso este usuario: root
[06/06/2023 08:47:37 p. m.] Acceso este usuario: root
[06/06/2023 08:48:20 p. m.] Acceso este usuario: root
[06/06/2023 08:55:53 p. m.] Acceso este usuario: root
[07/06/2023 07:41:04 a. m.] Acceso este usuario: admin
[07/06/2023 07:42:25 a. m.] Acceso este usuario: root
[07/06/2023 07:52:52 a. m.] Acceso este usuario: admin
